[2017-06-21 13:57:05] [CRT] map[file:/data/code/go/src/github.com/iiinsomnia/yiigo/env.go line:22 msg:[load env file failed,  open /data/code/go/src/demo/env.ini: no such file or directory]]
[2017-06-21 13:58:12] [CRT] [/data/code/go/src/github.com/iiinsomnia/yiigo/env.go:22] load env file failed, open /data/code/go/src/demo/env.ini: no such file or directory
[2017-06-21 14:07:43] [CRT] [/data/code/go/src/github.com/iiinsomnia/yiigo/env.go:22] load env file failed, open /data/code/go/src/demo/env.ini: no such file or directory
[46mCritical[49m [/data/code/go/src/github.com/iiinsomnia/yiigo/env.go:22] open /data/code/go/src/demo/env.ini: no such file or directory
[0m[46mCritical[49m [/data/code/go/src/github.com/iiinsomnia/yiigo/env.go:22] open /data/code/go/src/demo/env.ini: no such file or directory
[0m[2017-06-21 14:27:41] [logger.go] [CRT] open /data/code/go/src/demo/env.ini: no such file or directory
[2017-06-21 14:28:41] [logger.go] [/data/code/go/src/github.com/iiinsomnia/yiigo/logger.go] [/data/code/go/src/github.com/iiinsomnia/yiigo/logger.go] [CRT] open /data/code/go/src/demo/env.ini: no such file or directory
[2017-06-22 10:58:28] [CRT] [/data/code/go/src/github.com/iiinsomnia/yiigo/helper.go:16] runtime error: integer divide by zerogoroutine 43 [running]:
runtime/debug.Stack(0xc4201f8ab8, 0x1549060, 0x1862010)
	/usr/local/go/src/runtime/debug/stack.go:24 +0x79
github.com/iiinsomnia/yiigo.PanicHandler()
	/data/code/go/src/github.com/iiinsomnia/yiigo/helper.go:16 +0x9a
panic(0x1549060, 0x1862010)
	/usr/local/go/src/runtime/panic.go:489 +0x2cf
demo/routes.LoadWelcomeRoutes.func1(0xc4200ccdc0)
	/data/code/go/src/demo/routes/welcome.go:27 +0x3e
github.com/gin-gonic/gin.(*Context).Next(0xc4200ccdc0)
	/data/code/go/src/github.com/gin-gonic/gin/context.go:97 +0x5a
github.com/gin-gonic/gin.(*Engine).handleHTTPRequest(0xc42020e620, 0xc4200ccdc0)
	/data/code/go/src/github.com/gin-gonic/gin/gin.go:284 +0x5c0
github.com/gin-gonic/gin.(*Engine).ServeHTTP(0xc42020e620, 0x183c100, 0xc4201307e0, 0xc4201a8700)
	/data/code/go/src/github.com/gin-gonic/gin/gin.go:265 +0x16b
net/http.serverHandler.ServeHTTP(0xc420222160, 0x183c100, 0xc4201307e0, 0xc4201a8700)
	/usr/local/go/src/net/http/server.go:2568 +0x92
net/http.(*conn).serve(0xc4201ceaa0, 0x183ca80, 0xc42017ffc0)
	/usr/local/go/src/net/http/server.go:1825 +0x612
created by net/http.(*Server).Serve
	/usr/local/go/src/net/http/server.go:2668 +0x2ce

[2017-06-22 11:00:14] [CRT] [/data/code/go/src/github.com/iiinsomnia/yiigo/helper.go:16] runtime error: integer divide by zerogoroutine 50 [running]:
runtime/debug.Stack(0xc4201e6ab8, 0x1549060, 0x1862010)
	/usr/local/go/src/runtime/debug/stack.go:24 +0x79
github.com/iiinsomnia/yiigo.PanicHandler()
	/data/code/go/src/github.com/iiinsomnia/yiigo/helper.go:16 +0x9a
panic(0x1549060, 0x1862010)
	/usr/local/go/src/runtime/panic.go:489 +0x2cf
demo/routes.LoadWelcomeRoutes.func1(0xc420252000)
	/data/code/go/src/demo/routes/welcome.go:27 +0x3e
github.com/gin-gonic/gin.(*Context).Next(0xc420252000)
	/data/code/go/src/github.com/gin-gonic/gin/context.go:97 +0x5a
github.com/gin-gonic/gin.(*Engine).handleHTTPRequest(0xc420222620, 0xc420252000)
	/data/code/go/src/github.com/gin-gonic/gin/gin.go:284 +0x5c0
github.com/gin-gonic/gin.(*Engine).ServeHTTP(0xc420222620, 0x183c100, 0xc42024c000, 0xc420248000)
	/data/code/go/src/github.com/gin-gonic/gin/gin.go:265 +0x16b
net/http.serverHandler.ServeHTTP(0xc42022e160, 0x183c100, 0xc42024c000, 0xc420248000)
	/usr/local/go/src/net/http/server.go:2568 +0x92
net/http.(*conn).serve(0xc420238000, 0x183ca80, 0xc4200b4100)
	/usr/local/go/src/net/http/server.go:1825 +0x612
created by net/http.(*Server).Serve
	/usr/local/go/src/net/http/server.go:2668 +0x2ce

[2017-06-22 16:13:22] [CRT] [/data/code/go/src/github.com/iiinsomnia/yiigo/env.go:22] open /data/code/go/src/demo/test/env.ini: no such file or directory
